<?xml version="1.0" encoding="UTF-8"?>
<testng-results skipped="0" failed="0" ignored="0" total="1" passed="1">
  <reporter-output>
  </reporter-output>
  <suite name="Command line suite" duration-ms="99" started-at="2023-05-23T23:10:33Z" finished-at="2023-05-23T23:10:33Z">
    <groups>
    </groups>
    <test name="Command line test" duration-ms="99" started-at="2023-05-23T23:10:33Z" finished-at="2023-05-23T23:10:33Z">
      <class name="com.orange.hrm.AppTest">
        <test-method status="PASS" signature="testApp()" name="testApp" duration-ms="17" started-at="2023-05-23T23:10:33Z" finished-at="2023-05-23T23:10:33Z">
          <reporter-output>
          </reporter-output>
        </test-method> <!-- testApp -->
      </class> <!-- com.orange.hrm.AppTest -->
    </test> <!-- Command line test -->
  </suite> <!-- Command line suite -->
</testng-results>
